c:\users\ms\desktop\programming\c++\텍알\debug\consoleapplication1.pch
c:\users\ms\desktop\programming\c++\텍알\debug\vc140.pdb
c:\users\ms\desktop\programming\c++\텍알\debug\vc140.idb
c:\users\ms\desktop\programming\c++\텍알\debug\stdafx.obj
c:\users\ms\desktop\programming\c++\텍알\debug\consoleapplication1.obj
c:\users\ms\desktop\programming\c++\텍알\debug\gameobject.obj
c:\users\ms\desktop\programming\c++\텍알\debug\item.obj
c:\users\ms\desktop\programming\c++\텍알\debug\maingame.obj
c:\users\ms\desktop\programming\c++\텍알\debug\monster.obj
c:\users\ms\desktop\programming\c++\텍알\debug\player.obj
c:\users\ms\desktop\programming\c++\텍알\debug\stage.obj
c:\users\ms\desktop\programming\c++\텍알\debug\shop.obj
c:\users\ms\desktop\programming\c++\텍알\debug\consoleapplication1.ilk
c:\users\ms\desktop\programming\c++\텍알\debug\consoleapplication1.exe
c:\users\ms\desktop\programming\c++\텍알\debug\consoleapplication1.pdb
c:\users\ms\desktop\programming\c++\텍알\debug\cemetry.obj
c:\users\ms\desktop\programming\c++\텍알\debug\field.obj
c:\users\ms\desktop\programming\c++\텍알\debug\hell.obj
c:\users\ms\desktop\programming\c++\텍알\debug\maingame.obj.enc
c:\users\ms\desktop\programming\c++\텍알\debug\shop.obj.enc
c:\users\ms\desktop\programming\c++\텍알\debug\consolea.72e8e450.tlog\cl.command.1.tlog
c:\users\ms\desktop\programming\c++\텍알\debug\consolea.72e8e450.tlog\cl.read.1.tlog
c:\users\ms\desktop\programming\c++\텍알\debug\consolea.72e8e450.tlog\cl.write.1.tlog
c:\users\ms\desktop\programming\c++\텍알\debug\consolea.72e8e450.tlog\link.command.1.tlog
c:\users\ms\desktop\programming\c++\텍알\debug\consolea.72e8e450.tlog\link.read.1.tlog
c:\users\ms\desktop\programming\c++\텍알\debug\consolea.72e8e450.tlog\link.write.1.tlog
